17:23:00.951 [INFO] cli_log::init: Starting MANCHESTER_APP v0.1.0 with log level DEBUG
17:23:00.956 [DEBUG] manchester::ui: [Row { cells: [Cell { content: Text::from(Line::from("Dummy tags")), style: Style::new() }, Cell { content: Text::from(Line::from("Edge case - First command")), style: Style::new() }, Cell { content: Text::from(Line::from("nmap -p- <IP>")), style: Style::new() }], height: 1, top_margin: 0, bottom_margin: 0, style: Style::new() }, Row { cells: [Cell { content: Text::from(Line::from("Dummy tags")), style: Style::new() }, Cell { content: Text::from(Line::from("nmap - UDP Full port scan")), style: Style::new() }, Cell { content: Text::from(Line::from("nmap -sU <IP>")), style: Style::new() }], height: 1, top_margin: 0, bottom_margin: 0, style: Style::new() }, Row { cells: [Cell { content: Text::from(Line::from("Dummy tags")), style: Style::new() }, Cell { content: Text::from(Line::from("dirbuster ")), style: Style::new() }, Cell { content: Text::from(Line::from("dirbuster -u http://<IP>:<PORT>")), style: Style::new() }], height: 1, top_margin: 0, bottom_margin: 0, style: Style::new() }, Row { cells: [Cell { content: Text::from(Line::from("Dummy tags")), style: Style::new() }, Cell { content: Text::from(Line::from("nmap - TCP Full port scan")), style: Style::new() }, Cell { content: Text::from(Line::from("nmap -p- <IP>")), style: Style::new() }], height: 1, top_margin: 0, bottom_margin: 0, style: Style::new() }, Row { cells: [Cell { content: Text::from(Line::from("Dummy tags")), style: Style::new() }, Cell { content: Text::from(Line::from("Edge case - Last command ")), style: Style::new() }, Cell { content: Text::from(Line::from("dirbuster -u http://<IP>:<PORT>")), style: Style::new() }], height: 1, top_margin: 0, bottom_margin: 0, style: Style::new() }]
17:23:00.957 [DEBUG] manchester::ui: App state : App {
    search_value_input: "",
    variable_value_input: "",
    commands: [],
    commands_after_search: [
        CommandContext {
            command_name: "Edge case - First command",
            tags: [
                "tag1",
                "tag2",
                "tag3",
            ],
            command: "nmap -p- <IP>",
            variables_to_fill: [
                "IP",
            ],
            variable_prefil_values: Some(
                {
                    0: "127.0.0.1",
                },
            ),
        },
        CommandContext {
            command_name: "nmap - UDP Full port scan",
            tags: [
                "tag1",
                "tag2",
                "tag3",
            ],
            command: "nmap -sU <IP>",
            variables_to_fill: [
                "IP",
            ],
            variable_prefil_values: Some(
                {
                    0: "127.0.0.1",
                },
            ),
        },
        CommandContext {
            command_name: "dirbuster ",
            tags: [
                "tag1",
                "tag2",
                "tag3",
            ],
            command: "dirbuster -u http://<IP>:<PORT>",
            variables_to_fill: [
                "IP",
            ],
            variable_prefil_values: Some(
                {
                    0: "127.0.0.1",
                    1: "80",
                },
            ),
        },
        CommandContext {
            command_name: "nmap - TCP Full port scan",
            tags: [
                "tag1",
                "tag2",
                "tag3",
            ],
            command: "nmap -p- <IP>",
            variables_to_fill: [
                "IP",
            ],
            variable_prefil_values: Some(
                {
                    0: "127.0.0.1",
                },
            ),
        },
        CommandContext {
            command_name: "Edge case - Last command ",
            tags: [
                "tag1",
                "tag2",
                "tag3",
            ],
            command: "dirbuster -u http://<IP>:<PORT>",
            variables_to_fill: [
                "IP",
            ],
            variable_prefil_values: Some(
                {
                    1: "80",
                    0: "127.0.0.1",
                },
            ),
        },
    ],
    output_command: "",
    current_screen: Main,
    search_table_state: TableState {
        offset: 0,
        selected: None,
        selected_column: None,
    },
    editcommand_table_state: TableState {
        offset: 0,
        selected: None,
        selected_column: None,
    },
}
17:23:01.102 [DEBUG] manchester::ui: [Row { cells: [Cell { content: Text::from(Line::from("Dummy tags")), style: Style::new() }, Cell { content: Text::from(Line::from("Edge case - First command")), style: Style::new() }, Cell { content: Text::from(Line::from("nmap -p- <IP>")), style: Style::new() }], height: 1, top_margin: 0, bottom_margin: 0, style: Style::new() }, Row { cells: [Cell { content: Text::from(Line::from("Dummy tags")), style: Style::new() }, Cell { content: Text::from(Line::from("nmap - UDP Full port scan")), style: Style::new() }, Cell { content: Text::from(Line::from("nmap -sU <IP>")), style: Style::new() }], height: 1, top_margin: 0, bottom_margin: 0, style: Style::new() }, Row { cells: [Cell { content: Text::from(Line::from("Dummy tags")), style: Style::new() }, Cell { content: Text::from(Line::from("dirbuster ")), style: Style::new() }, Cell { content: Text::from(Line::from("dirbuster -u http://<IP>:<PORT>")), style: Style::new() }], height: 1, top_margin: 0, bottom_margin: 0, style: Style::new() }, Row { cells: [Cell { content: Text::from(Line::from("Dummy tags")), style: Style::new() }, Cell { content: Text::from(Line::from("nmap - TCP Full port scan")), style: Style::new() }, Cell { content: Text::from(Line::from("nmap -p- <IP>")), style: Style::new() }], height: 1, top_margin: 0, bottom_margin: 0, style: Style::new() }, Row { cells: [Cell { content: Text::from(Line::from("Dummy tags")), style: Style::new() }, Cell { content: Text::from(Line::from("Edge case - Last command ")), style: Style::new() }, Cell { content: Text::from(Line::from("dirbuster -u http://<IP>:<PORT>")), style: Style::new() }], height: 1, top_margin: 0, bottom_margin: 0, style: Style::new() }]
17:23:01.103 [DEBUG] manchester::ui: App state : App {
    search_value_input: "",
    variable_value_input: "",
    commands: [],
    commands_after_search: [
        CommandContext {
            command_name: "Edge case - First command",
            tags: [
                "tag1",
                "tag2",
                "tag3",
            ],
            command: "nmap -p- <IP>",
            variables_to_fill: [
                "IP",
            ],
            variable_prefil_values: Some(
                {
                    0: "127.0.0.1",
                },
            ),
        },
        CommandContext {
            command_name: "nmap - UDP Full port scan",
            tags: [
                "tag1",
                "tag2",
                "tag3",
            ],
            command: "nmap -sU <IP>",
            variables_to_fill: [
                "IP",
            ],
            variable_prefil_values: Some(
                {
                    0: "127.0.0.1",
                },
            ),
        },
        CommandContext {
            command_name: "dirbuster ",
            tags: [
                "tag1",
                "tag2",
                "tag3",
            ],
            command: "dirbuster -u http://<IP>:<PORT>",
            variables_to_fill: [
                "IP",
            ],
            variable_prefil_values: Some(
                {
                    0: "127.0.0.1",
                    1: "80",
                },
            ),
        },
        CommandContext {
            command_name: "nmap - TCP Full port scan",
            tags: [
                "tag1",
                "tag2",
                "tag3",
            ],
            command: "nmap -p- <IP>",
            variables_to_fill: [
                "IP",
            ],
            variable_prefil_values: Some(
                {
                    0: "127.0.0.1",
                },
            ),
        },
        CommandContext {
            command_name: "Edge case - Last command ",
            tags: [
                "tag1",
                "tag2",
                "tag3",
            ],
            command: "dirbuster -u http://<IP>:<PORT>",
            variables_to_fill: [
                "IP",
            ],
            variable_prefil_values: Some(
                {
                    1: "80",
                    0: "127.0.0.1",
                },
            ),
        },
    ],
    output_command: "",
    current_screen: Main,
    search_table_state: TableState {
        offset: 0,
        selected: None,
        selected_column: None,
    },
    editcommand_table_state: TableState {
        offset: 0,
        selected: None,
        selected_column: None,
    },
}
17:23:01.110 [DEBUG] manchester::ui: [Row { cells: [Cell { content: Text::from(Line::from("Dummy tags")), style: Style::new() }, Cell { content: Text::from(Line::from("Edge case - First command")), style: Style::new() }, Cell { content: Text::from(Line::from("nmap -p- <IP>")), style: Style::new() }], height: 1, top_margin: 0, bottom_margin: 0, style: Style::new() }, Row { cells: [Cell { content: Text::from(Line::from("Dummy tags")), style: Style::new() }, Cell { content: Text::from(Line::from("nmap - UDP Full port scan")), style: Style::new() }, Cell { content: Text::from(Line::from("nmap -sU <IP>")), style: Style::new() }], height: 1, top_margin: 0, bottom_margin: 0, style: Style::new() }, Row { cells: [Cell { content: Text::from(Line::from("Dummy tags")), style: Style::new() }, Cell { content: Text::from(Line::from("dirbuster ")), style: Style::new() }, Cell { content: Text::from(Line::from("dirbuster -u http://<IP>:<PORT>")), style: Style::new() }], height: 1, top_margin: 0, bottom_margin: 0, style: Style::new() }, Row { cells: [Cell { content: Text::from(Line::from("Dummy tags")), style: Style::new() }, Cell { content: Text::from(Line::from("nmap - TCP Full port scan")), style: Style::new() }, Cell { content: Text::from(Line::from("nmap -p- <IP>")), style: Style::new() }], height: 1, top_margin: 0, bottom_margin: 0, style: Style::new() }, Row { cells: [Cell { content: Text::from(Line::from("Dummy tags")), style: Style::new() }, Cell { content: Text::from(Line::from("Edge case - Last command ")), style: Style::new() }, Cell { content: Text::from(Line::from("dirbuster -u http://<IP>:<PORT>")), style: Style::new() }], height: 1, top_margin: 0, bottom_margin: 0, style: Style::new() }]
17:23:01.111 [DEBUG] manchester::ui: App state : App {
    search_value_input: "",
    variable_value_input: "",
    commands: [],
    commands_after_search: [
        CommandContext {
            command_name: "Edge case - First command",
            tags: [
                "tag1",
                "tag2",
                "tag3",
            ],
            command: "nmap -p- <IP>",
            variables_to_fill: [
                "IP",
            ],
            variable_prefil_values: Some(
                {
                    0: "127.0.0.1",
                },
            ),
        },
        CommandContext {
            command_name: "nmap - UDP Full port scan",
            tags: [
                "tag1",
                "tag2",
                "tag3",
            ],
            command: "nmap -sU <IP>",
            variables_to_fill: [
                "IP",
            ],
            variable_prefil_values: Some(
                {
                    0: "127.0.0.1",
                },
            ),
        },
        CommandContext {
            command_name: "dirbuster ",
            tags: [
                "tag1",
                "tag2",
                "tag3",
            ],
            command: "dirbuster -u http://<IP>:<PORT>",
            variables_to_fill: [
                "IP",
            ],
            variable_prefil_values: Some(
                {
                    0: "127.0.0.1",
                    1: "80",
                },
            ),
        },
        CommandContext {
            command_name: "nmap - TCP Full port scan",
            tags: [
                "tag1",
                "tag2",
                "tag3",
            ],
            command: "nmap -p- <IP>",
            variables_to_fill: [
                "IP",
            ],
            variable_prefil_values: Some(
                {
                    0: "127.0.0.1",
                },
            ),
        },
        CommandContext {
            command_name: "Edge case - Last command ",
            tags: [
                "tag1",
                "tag2",
                "tag3",
            ],
            command: "dirbuster -u http://<IP>:<PORT>",
            variables_to_fill: [
                "IP",
            ],
            variable_prefil_values: Some(
                {
                    1: "80",
                    0: "127.0.0.1",
                },
            ),
        },
    ],
    output_command: "",
    current_screen: Main,
    search_table_state: TableState {
        offset: 0,
        selected: None,
        selected_column: None,
    },
    editcommand_table_state: TableState {
        offset: 0,
        selected: None,
        selected_column: None,
    },
}
17:23:01.117 [DEBUG] manchester::ui: [Row { cells: [Cell { content: Text::from(Line::from("Dummy tags")), style: Style::new() }, Cell { content: Text::from(Line::from("Edge case - First command")), style: Style::new() }, Cell { content: Text::from(Line::from("nmap -p- <IP>")), style: Style::new() }], height: 1, top_margin: 0, bottom_margin: 0, style: Style::new() }, Row { cells: [Cell { content: Text::from(Line::from("Dummy tags")), style: Style::new() }, Cell { content: Text::from(Line::from("nmap - UDP Full port scan")), style: Style::new() }, Cell { content: Text::from(Line::from("nmap -sU <IP>")), style: Style::new() }], height: 1, top_margin: 0, bottom_margin: 0, style: Style::new() }, Row { cells: [Cell { content: Text::from(Line::from("Dummy tags")), style: Style::new() }, Cell { content: Text::from(Line::from("dirbuster ")), style: Style::new() }, Cell { content: Text::from(Line::from("dirbuster -u http://<IP>:<PORT>")), style: Style::new() }], height: 1, top_margin: 0, bottom_margin: 0, style: Style::new() }, Row { cells: [Cell { content: Text::from(Line::from("Dummy tags")), style: Style::new() }, Cell { content: Text::from(Line::from("nmap - TCP Full port scan")), style: Style::new() }, Cell { content: Text::from(Line::from("nmap -p- <IP>")), style: Style::new() }], height: 1, top_margin: 0, bottom_margin: 0, style: Style::new() }, Row { cells: [Cell { content: Text::from(Line::from("Dummy tags")), style: Style::new() }, Cell { content: Text::from(Line::from("Edge case - Last command ")), style: Style::new() }, Cell { content: Text::from(Line::from("dirbuster -u http://<IP>:<PORT>")), style: Style::new() }], height: 1, top_margin: 0, bottom_margin: 0, style: Style::new() }]
17:23:01.118 [DEBUG] manchester::ui: App state : App {
    search_value_input: "",
    variable_value_input: "",
    commands: [],
    commands_after_search: [
        CommandContext {
            command_name: "Edge case - First command",
            tags: [
                "tag1",
                "tag2",
                "tag3",
            ],
            command: "nmap -p- <IP>",
            variables_to_fill: [
                "IP",
            ],
            variable_prefil_values: Some(
                {
                    0: "127.0.0.1",
                },
            ),
        },
        CommandContext {
            command_name: "nmap - UDP Full port scan",
            tags: [
                "tag1",
                "tag2",
                "tag3",
            ],
            command: "nmap -sU <IP>",
            variables_to_fill: [
                "IP",
            ],
            variable_prefil_values: Some(
                {
                    0: "127.0.0.1",
                },
            ),
        },
        CommandContext {
            command_name: "dirbuster ",
            tags: [
                "tag1",
                "tag2",
                "tag3",
            ],
            command: "dirbuster -u http://<IP>:<PORT>",
            variables_to_fill: [
                "IP",
            ],
            variable_prefil_values: Some(
                {
                    0: "127.0.0.1",
                    1: "80",
                },
            ),
        },
        CommandContext {
            command_name: "nmap - TCP Full port scan",
            tags: [
                "tag1",
                "tag2",
                "tag3",
            ],
            command: "nmap -p- <IP>",
            variables_to_fill: [
                "IP",
            ],
            variable_prefil_values: Some(
                {
                    0: "127.0.0.1",
                },
            ),
        },
        CommandContext {
            command_name: "Edge case - Last command ",
            tags: [
                "tag1",
                "tag2",
                "tag3",
            ],
            command: "dirbuster -u http://<IP>:<PORT>",
            variables_to_fill: [
                "IP",
            ],
            variable_prefil_values: Some(
                {
                    1: "80",
                    0: "127.0.0.1",
                },
            ),
        },
    ],
    output_command: "",
    current_screen: Main,
    search_table_state: TableState {
        offset: 0,
        selected: None,
        selected_column: None,
    },
    editcommand_table_state: TableState {
        offset: 0,
        selected: None,
        selected_column: None,
    },
}
17:23:01.253 [DEBUG] manchester::ui: [Row { cells: [Cell { content: Text::from(Line::from("Dummy tags")), style: Style::new() }, Cell { content: Text::from(Line::from("Edge case - First command")), style: Style::new() }, Cell { content: Text::from(Line::from("nmap -p- <IP>")), style: Style::new() }], height: 1, top_margin: 0, bottom_margin: 0, style: Style::new() }, Row { cells: [Cell { content: Text::from(Line::from("Dummy tags")), style: Style::new() }, Cell { content: Text::from(Line::from("nmap - UDP Full port scan")), style: Style::new() }, Cell { content: Text::from(Line::from("nmap -sU <IP>")), style: Style::new() }], height: 1, top_margin: 0, bottom_margin: 0, style: Style::new() }, Row { cells: [Cell { content: Text::from(Line::from("Dummy tags")), style: Style::new() }, Cell { content: Text::from(Line::from("dirbuster ")), style: Style::new() }, Cell { content: Text::from(Line::from("dirbuster -u http://<IP>:<PORT>")), style: Style::new() }], height: 1, top_margin: 0, bottom_margin: 0, style: Style::new() }, Row { cells: [Cell { content: Text::from(Line::from("Dummy tags")), style: Style::new() }, Cell { content: Text::from(Line::from("nmap - TCP Full port scan")), style: Style::new() }, Cell { content: Text::from(Line::from("nmap -p- <IP>")), style: Style::new() }], height: 1, top_margin: 0, bottom_margin: 0, style: Style::new() }, Row { cells: [Cell { content: Text::from(Line::from("Dummy tags")), style: Style::new() }, Cell { content: Text::from(Line::from("Edge case - Last command ")), style: Style::new() }, Cell { content: Text::from(Line::from("dirbuster -u http://<IP>:<PORT>")), style: Style::new() }], height: 1, top_margin: 0, bottom_margin: 0, style: Style::new() }]
17:23:01.254 [DEBUG] manchester::ui: App state : App {
    search_value_input: "",
    variable_value_input: "",
    commands: [],
    commands_after_search: [
        CommandContext {
            command_name: "Edge case - First command",
            tags: [
                "tag1",
                "tag2",
                "tag3",
            ],
            command: "nmap -p- <IP>",
            variables_to_fill: [
                "IP",
            ],
            variable_prefil_values: Some(
                {
                    0: "127.0.0.1",
                },
            ),
        },
        CommandContext {
            command_name: "nmap - UDP Full port scan",
            tags: [
                "tag1",
                "tag2",
                "tag3",
            ],
            command: "nmap -sU <IP>",
            variables_to_fill: [
                "IP",
            ],
            variable_prefil_values: Some(
                {
                    0: "127.0.0.1",
                },
            ),
        },
        CommandContext {
            command_name: "dirbuster ",
            tags: [
                "tag1",
                "tag2",
                "tag3",
            ],
            command: "dirbuster -u http://<IP>:<PORT>",
            variables_to_fill: [
                "IP",
            ],
            variable_prefil_values: Some(
                {
                    0: "127.0.0.1",
                    1: "80",
                },
            ),
        },
        CommandContext {
            command_name: "nmap - TCP Full port scan",
            tags: [
                "tag1",
                "tag2",
                "tag3",
            ],
            command: "nmap -p- <IP>",
            variables_to_fill: [
                "IP",
            ],
            variable_prefil_values: Some(
                {
                    0: "127.0.0.1",
                },
            ),
        },
        CommandContext {
            command_name: "Edge case - Last command ",
            tags: [
                "tag1",
                "tag2",
                "tag3",
            ],
            command: "dirbuster -u http://<IP>:<PORT>",
            variables_to_fill: [
                "IP",
            ],
            variable_prefil_values: Some(
                {
                    1: "80",
                    0: "127.0.0.1",
                },
            ),
        },
    ],
    output_command: "",
    current_screen: Main,
    search_table_state: TableState {
        offset: 0,
        selected: Some(
            0,
        ),
        selected_column: None,
    },
    editcommand_table_state: TableState {
        offset: 0,
        selected: None,
        selected_column: None,
    },
}
17:23:01.316 [DEBUG] manchester::ui: [Row { cells: [Cell { content: Text::from(Line::from("Dummy tags")), style: Style::new() }, Cell { content: Text::from(Line::from("Edge case - First command")), style: Style::new() }, Cell { content: Text::from(Line::from("nmap -p- <IP>")), style: Style::new() }], height: 1, top_margin: 0, bottom_margin: 0, style: Style::new() }, Row { cells: [Cell { content: Text::from(Line::from("Dummy tags")), style: Style::new() }, Cell { content: Text::from(Line::from("nmap - UDP Full port scan")), style: Style::new() }, Cell { content: Text::from(Line::from("nmap -sU <IP>")), style: Style::new() }], height: 1, top_margin: 0, bottom_margin: 0, style: Style::new() }, Row { cells: [Cell { content: Text::from(Line::from("Dummy tags")), style: Style::new() }, Cell { content: Text::from(Line::from("dirbuster ")), style: Style::new() }, Cell { content: Text::from(Line::from("dirbuster -u http://<IP>:<PORT>")), style: Style::new() }], height: 1, top_margin: 0, bottom_margin: 0, style: Style::new() }, Row { cells: [Cell { content: Text::from(Line::from("Dummy tags")), style: Style::new() }, Cell { content: Text::from(Line::from("nmap - TCP Full port scan")), style: Style::new() }, Cell { content: Text::from(Line::from("nmap -p- <IP>")), style: Style::new() }], height: 1, top_margin: 0, bottom_margin: 0, style: Style::new() }, Row { cells: [Cell { content: Text::from(Line::from("Dummy tags")), style: Style::new() }, Cell { content: Text::from(Line::from("Edge case - Last command ")), style: Style::new() }, Cell { content: Text::from(Line::from("dirbuster -u http://<IP>:<PORT>")), style: Style::new() }], height: 1, top_margin: 0, bottom_margin: 0, style: Style::new() }]
17:23:01.317 [DEBUG] manchester::ui: App state : App {
    search_value_input: "",
    variable_value_input: "",
    commands: [],
    commands_after_search: [
        CommandContext {
            command_name: "Edge case - First command",
            tags: [
                "tag1",
                "tag2",
                "tag3",
            ],
            command: "nmap -p- <IP>",
            variables_to_fill: [
                "IP",
            ],
            variable_prefil_values: Some(
                {
                    0: "127.0.0.1",
                },
            ),
        },
        CommandContext {
            command_name: "nmap - UDP Full port scan",
            tags: [
                "tag1",
                "tag2",
                "tag3",
            ],
            command: "nmap -sU <IP>",
            variables_to_fill: [
                "IP",
            ],
            variable_prefil_values: Some(
                {
                    0: "127.0.0.1",
                },
            ),
        },
        CommandContext {
            command_name: "dirbuster ",
            tags: [
                "tag1",
                "tag2",
                "tag3",
            ],
            command: "dirbuster -u http://<IP>:<PORT>",
            variables_to_fill: [
                "IP",
            ],
            variable_prefil_values: Some(
                {
                    0: "127.0.0.1",
                    1: "80",
                },
            ),
        },
        CommandContext {
            command_name: "nmap - TCP Full port scan",
            tags: [
                "tag1",
                "tag2",
                "tag3",
            ],
            command: "nmap -p- <IP>",
            variables_to_fill: [
                "IP",
            ],
            variable_prefil_values: Some(
                {
                    0: "127.0.0.1",
                },
            ),
        },
        CommandContext {
            command_name: "Edge case - Last command ",
            tags: [
                "tag1",
                "tag2",
                "tag3",
            ],
            command: "dirbuster -u http://<IP>:<PORT>",
            variables_to_fill: [
                "IP",
            ],
            variable_prefil_values: Some(
                {
                    1: "80",
                    0: "127.0.0.1",
                },
            ),
        },
    ],
    output_command: "",
    current_screen: Main,
    search_table_state: TableState {
        offset: 0,
        selected: Some(
            0,
        ),
        selected_column: None,
    },
    editcommand_table_state: TableState {
        offset: 0,
        selected: None,
        selected_column: None,
    },
}
17:23:01.381 [DEBUG] manchester::ui: [Row { cells: [Cell { content: Text::from(Line::from("Dummy tags")), style: Style::new() }, Cell { content: Text::from(Line::from("Edge case - First command")), style: Style::new() }, Cell { content: Text::from(Line::from("nmap -p- <IP>")), style: Style::new() }], height: 1, top_margin: 0, bottom_margin: 0, style: Style::new() }, Row { cells: [Cell { content: Text::from(Line::from("Dummy tags")), style: Style::new() }, Cell { content: Text::from(Line::from("nmap - UDP Full port scan")), style: Style::new() }, Cell { content: Text::from(Line::from("nmap -sU <IP>")), style: Style::new() }], height: 1, top_margin: 0, bottom_margin: 0, style: Style::new() }, Row { cells: [Cell { content: Text::from(Line::from("Dummy tags")), style: Style::new() }, Cell { content: Text::from(Line::from("dirbuster ")), style: Style::new() }, Cell { content: Text::from(Line::from("dirbuster -u http://<IP>:<PORT>")), style: Style::new() }], height: 1, top_margin: 0, bottom_margin: 0, style: Style::new() }, Row { cells: [Cell { content: Text::from(Line::from("Dummy tags")), style: Style::new() }, Cell { content: Text::from(Line::from("nmap - TCP Full port scan")), style: Style::new() }, Cell { content: Text::from(Line::from("nmap -p- <IP>")), style: Style::new() }], height: 1, top_margin: 0, bottom_margin: 0, style: Style::new() }, Row { cells: [Cell { content: Text::from(Line::from("Dummy tags")), style: Style::new() }, Cell { content: Text::from(Line::from("Edge case - Last command ")), style: Style::new() }, Cell { content: Text::from(Line::from("dirbuster -u http://<IP>:<PORT>")), style: Style::new() }], height: 1, top_margin: 0, bottom_margin: 0, style: Style::new() }]
17:23:01.382 [DEBUG] manchester::ui: App state : App {
    search_value_input: "",
    variable_value_input: "",
    commands: [],
    commands_after_search: [
        CommandContext {
            command_name: "Edge case - First command",
            tags: [
                "tag1",
                "tag2",
                "tag3",
            ],
            command: "nmap -p- <IP>",
            variables_to_fill: [
                "IP",
            ],
            variable_prefil_values: Some(
                {
                    0: "127.0.0.1",
                },
            ),
        },
        CommandContext {
            command_name: "nmap - UDP Full port scan",
            tags: [
                "tag1",
                "tag2",
                "tag3",
            ],
            command: "nmap -sU <IP>",
            variables_to_fill: [
                "IP",
            ],
            variable_prefil_values: Some(
                {
                    0: "127.0.0.1",
                },
            ),
        },
        CommandContext {
            command_name: "dirbuster ",
            tags: [
                "tag1",
                "tag2",
                "tag3",
            ],
            command: "dirbuster -u http://<IP>:<PORT>",
            variables_to_fill: [
                "IP",
            ],
            variable_prefil_values: Some(
                {
                    0: "127.0.0.1",
                    1: "80",
                },
            ),
        },
        CommandContext {
            command_name: "nmap - TCP Full port scan",
            tags: [
                "tag1",
                "tag2",
                "tag3",
            ],
            command: "nmap -p- <IP>",
            variables_to_fill: [
                "IP",
            ],
            variable_prefil_values: Some(
                {
                    0: "127.0.0.1",
                },
            ),
        },
        CommandContext {
            command_name: "Edge case - Last command ",
            tags: [
                "tag1",
                "tag2",
                "tag3",
            ],
            command: "dirbuster -u http://<IP>:<PORT>",
            variables_to_fill: [
                "IP",
            ],
            variable_prefil_values: Some(
                {
                    1: "80",
                    0: "127.0.0.1",
                },
            ),
        },
    ],
    output_command: "",
    current_screen: Main,
    search_table_state: TableState {
        offset: 0,
        selected: Some(
            1,
        ),
        selected_column: None,
    },
    editcommand_table_state: TableState {
        offset: 0,
        selected: None,
        selected_column: None,
    },
}
17:23:01.453 [DEBUG] manchester::ui: [Row { cells: [Cell { content: Text::from(Line::from("Dummy tags")), style: Style::new() }, Cell { content: Text::from(Line::from("Edge case - First command")), style: Style::new() }, Cell { content: Text::from(Line::from("nmap -p- <IP>")), style: Style::new() }], height: 1, top_margin: 0, bottom_margin: 0, style: Style::new() }, Row { cells: [Cell { content: Text::from(Line::from("Dummy tags")), style: Style::new() }, Cell { content: Text::from(Line::from("nmap - UDP Full port scan")), style: Style::new() }, Cell { content: Text::from(Line::from("nmap -sU <IP>")), style: Style::new() }], height: 1, top_margin: 0, bottom_margin: 0, style: Style::new() }, Row { cells: [Cell { content: Text::from(Line::from("Dummy tags")), style: Style::new() }, Cell { content: Text::from(Line::from("dirbuster ")), style: Style::new() }, Cell { content: Text::from(Line::from("dirbuster -u http://<IP>:<PORT>")), style: Style::new() }], height: 1, top_margin: 0, bottom_margin: 0, style: Style::new() }, Row { cells: [Cell { content: Text::from(Line::from("Dummy tags")), style: Style::new() }, Cell { content: Text::from(Line::from("nmap - TCP Full port scan")), style: Style::new() }, Cell { content: Text::from(Line::from("nmap -p- <IP>")), style: Style::new() }], height: 1, top_margin: 0, bottom_margin: 0, style: Style::new() }, Row { cells: [Cell { content: Text::from(Line::from("Dummy tags")), style: Style::new() }, Cell { content: Text::from(Line::from("Edge case - Last command ")), style: Style::new() }, Cell { content: Text::from(Line::from("dirbuster -u http://<IP>:<PORT>")), style: Style::new() }], height: 1, top_margin: 0, bottom_margin: 0, style: Style::new() }]
17:23:01.454 [DEBUG] manchester::ui: App state : App {
    search_value_input: "",
    variable_value_input: "",
    commands: [],
    commands_after_search: [
        CommandContext {
            command_name: "Edge case - First command",
            tags: [
                "tag1",
                "tag2",
                "tag3",
            ],
            command: "nmap -p- <IP>",
            variables_to_fill: [
                "IP",
            ],
            variable_prefil_values: Some(
                {
                    0: "127.0.0.1",
                },
            ),
        },
        CommandContext {
            command_name: "nmap - UDP Full port scan",
            tags: [
                "tag1",
                "tag2",
                "tag3",
            ],
            command: "nmap -sU <IP>",
            variables_to_fill: [
                "IP",
            ],
            variable_prefil_values: Some(
                {
                    0: "127.0.0.1",
                },
            ),
        },
        CommandContext {
            command_name: "dirbuster ",
            tags: [
                "tag1",
                "tag2",
                "tag3",
            ],
            command: "dirbuster -u http://<IP>:<PORT>",
            variables_to_fill: [
                "IP",
            ],
            variable_prefil_values: Some(
                {
                    0: "127.0.0.1",
                    1: "80",
                },
            ),
        },
        CommandContext {
            command_name: "nmap - TCP Full port scan",
            tags: [
                "tag1",
                "tag2",
                "tag3",
            ],
            command: "nmap -p- <IP>",
            variables_to_fill: [
                "IP",
            ],
            variable_prefil_values: Some(
                {
                    0: "127.0.0.1",
                },
            ),
        },
        CommandContext {
            command_name: "Edge case - Last command ",
            tags: [
                "tag1",
                "tag2",
                "tag3",
            ],
            command: "dirbuster -u http://<IP>:<PORT>",
            variables_to_fill: [
                "IP",
            ],
            variable_prefil_values: Some(
                {
                    1: "80",
                    0: "127.0.0.1",
                },
            ),
        },
    ],
    output_command: "",
    current_screen: Main,
    search_table_state: TableState {
        offset: 0,
        selected: Some(
            1,
        ),
        selected_column: None,
    },
    editcommand_table_state: TableState {
        offset: 0,
        selected: None,
        selected_column: None,
    },
}
17:23:01.638 [DEBUG] manchester: Chosen command context : CommandContext { command_name: "nmap - UDP Full port scan", tags: ["tag1", "tag2", "tag3"], command: "nmap -sU <IP>", variables_to_fill: ["IP"], variable_prefil_values: Some({0: "127.0.0.1"}) }
17:23:01.638 [DEBUG] manchester::ui: [Row { cells: [Cell { content: Text::from(Line::from("Dummy tags")), style: Style::new() }, Cell { content: Text::from(Line::from("Edge case - First command")), style: Style::new() }, Cell { content: Text::from(Line::from("nmap -p- <IP>")), style: Style::new() }], height: 1, top_margin: 0, bottom_margin: 0, style: Style::new() }, Row { cells: [Cell { content: Text::from(Line::from("Dummy tags")), style: Style::new() }, Cell { content: Text::from(Line::from("nmap - UDP Full port scan")), style: Style::new() }, Cell { content: Text::from(Line::from("nmap -sU <IP>")), style: Style::new() }], height: 1, top_margin: 0, bottom_margin: 0, style: Style::new() }, Row { cells: [Cell { content: Text::from(Line::from("Dummy tags")), style: Style::new() }, Cell { content: Text::from(Line::from("dirbuster ")), style: Style::new() }, Cell { content: Text::from(Line::from("dirbuster -u http://<IP>:<PORT>")), style: Style::new() }], height: 1, top_margin: 0, bottom_margin: 0, style: Style::new() }, Row { cells: [Cell { content: Text::from(Line::from("Dummy tags")), style: Style::new() }, Cell { content: Text::from(Line::from("nmap - TCP Full port scan")), style: Style::new() }, Cell { content: Text::from(Line::from("nmap -p- <IP>")), style: Style::new() }], height: 1, top_margin: 0, bottom_margin: 0, style: Style::new() }, Row { cells: [Cell { content: Text::from(Line::from("Dummy tags")), style: Style::new() }, Cell { content: Text::from(Line::from("Edge case - Last command ")), style: Style::new() }, Cell { content: Text::from(Line::from("dirbuster -u http://<IP>:<PORT>")), style: Style::new() }], height: 1, top_margin: 0, bottom_margin: 0, style: Style::new() }]
17:23:01.640 [DEBUG] manchester::ui: App state : App {
    search_value_input: "",
    variable_value_input: "",
    commands: [],
    commands_after_search: [
        CommandContext {
            command_name: "Edge case - First command",
            tags: [
                "tag1",
                "tag2",
                "tag3",
            ],
            command: "nmap -p- <IP>",
            variables_to_fill: [
                "IP",
            ],
            variable_prefil_values: Some(
                {
                    0: "127.0.0.1",
                },
            ),
        },
        CommandContext {
            command_name: "nmap - UDP Full port scan",
            tags: [
                "tag1",
                "tag2",
                "tag3",
            ],
            command: "nmap -sU <IP>",
            variables_to_fill: [
                "IP",
            ],
            variable_prefil_values: Some(
                {
                    0: "127.0.0.1",
                },
            ),
        },
        CommandContext {
            command_name: "dirbuster ",
            tags: [
                "tag1",
                "tag2",
                "tag3",
            ],
            command: "dirbuster -u http://<IP>:<PORT>",
            variables_to_fill: [
                "IP",
            ],
            variable_prefil_values: Some(
                {
                    0: "127.0.0.1",
                    1: "80",
                },
            ),
        },
        CommandContext {
            command_name: "nmap - TCP Full port scan",
            tags: [
                "tag1",
                "tag2",
                "tag3",
            ],
            command: "nmap -p- <IP>",
            variables_to_fill: [
                "IP",
            ],
            variable_prefil_values: Some(
                {
                    0: "127.0.0.1",
                },
            ),
        },
        CommandContext {
            command_name: "Edge case - Last command ",
            tags: [
                "tag1",
                "tag2",
                "tag3",
            ],
            command: "dirbuster -u http://<IP>:<PORT>",
            variables_to_fill: [
                "IP",
            ],
            variable_prefil_values: Some(
                {
                    1: "80",
                    0: "127.0.0.1",
                },
            ),
        },
    ],
    output_command: "nmap -sU <IP>",
    current_screen: EditingCommand,
    search_table_state: TableState {
        offset: 0,
        selected: Some(
            1,
        ),
        selected_column: None,
    },
    editcommand_table_state: TableState {
        offset: 0,
        selected: None,
        selected_column: None,
    },
}
17:23:01.645 [DEBUG] manchester::ui: CommandContext {
    command_name: "nmap - UDP Full port scan",
    tags: [
        "tag1",
        "tag2",
        "tag3",
    ],
    command: "nmap -sU <IP>",
    variables_to_fill: [
        "IP",
    ],
    variable_prefil_values: Some(
        {
            0: "127.0.0.1",
        },
    ),
}
17:23:01.814 [DEBUG] manchester::ui: [Row { cells: [Cell { content: Text::from(Line::from("Dummy tags")), style: Style::new() }, Cell { content: Text::from(Line::from("Edge case - First command")), style: Style::new() }, Cell { content: Text::from(Line::from("nmap -p- <IP>")), style: Style::new() }], height: 1, top_margin: 0, bottom_margin: 0, style: Style::new() }, Row { cells: [Cell { content: Text::from(Line::from("Dummy tags")), style: Style::new() }, Cell { content: Text::from(Line::from("nmap - UDP Full port scan")), style: Style::new() }, Cell { content: Text::from(Line::from("nmap -sU <IP>")), style: Style::new() }], height: 1, top_margin: 0, bottom_margin: 0, style: Style::new() }, Row { cells: [Cell { content: Text::from(Line::from("Dummy tags")), style: Style::new() }, Cell { content: Text::from(Line::from("dirbuster ")), style: Style::new() }, Cell { content: Text::from(Line::from("dirbuster -u http://<IP>:<PORT>")), style: Style::new() }], height: 1, top_margin: 0, bottom_margin: 0, style: Style::new() }, Row { cells: [Cell { content: Text::from(Line::from("Dummy tags")), style: Style::new() }, Cell { content: Text::from(Line::from("nmap - TCP Full port scan")), style: Style::new() }, Cell { content: Text::from(Line::from("nmap -p- <IP>")), style: Style::new() }], height: 1, top_margin: 0, bottom_margin: 0, style: Style::new() }, Row { cells: [Cell { content: Text::from(Line::from("Dummy tags")), style: Style::new() }, Cell { content: Text::from(Line::from("Edge case - Last command ")), style: Style::new() }, Cell { content: Text::from(Line::from("dirbuster -u http://<IP>:<PORT>")), style: Style::new() }], height: 1, top_margin: 0, bottom_margin: 0, style: Style::new() }]
17:23:01.814 [DEBUG] manchester::ui: App state : App {
    search_value_input: "",
    variable_value_input: "",
    commands: [],
    commands_after_search: [
        CommandContext {
            command_name: "Edge case - First command",
            tags: [
                "tag1",
                "tag2",
                "tag3",
            ],
            command: "nmap -p- <IP>",
            variables_to_fill: [
                "IP",
            ],
            variable_prefil_values: Some(
                {
                    0: "127.0.0.1",
                },
            ),
        },
        CommandContext {
            command_name: "nmap - UDP Full port scan",
            tags: [
                "tag1",
                "tag2",
                "tag3",
            ],
            command: "nmap -sU <IP>",
            variables_to_fill: [
                "IP",
            ],
            variable_prefil_values: Some(
                {
                    0: "127.0.0.1",
                },
            ),
        },
        CommandContext {
            command_name: "dirbuster ",
            tags: [
                "tag1",
                "tag2",
                "tag3",
            ],
            command: "dirbuster -u http://<IP>:<PORT>",
            variables_to_fill: [
                "IP",
            ],
            variable_prefil_values: Some(
                {
                    0: "127.0.0.1",
                    1: "80",
                },
            ),
        },
        CommandContext {
            command_name: "nmap - TCP Full port scan",
            tags: [
                "tag1",
                "tag2",
                "tag3",
            ],
            command: "nmap -p- <IP>",
            variables_to_fill: [
                "IP",
            ],
            variable_prefil_values: Some(
                {
                    0: "127.0.0.1",
                },
            ),
        },
        CommandContext {
            command_name: "Edge case - Last command ",
            tags: [
                "tag1",
                "tag2",
                "tag3",
            ],
            command: "dirbuster -u http://<IP>:<PORT>",
            variables_to_fill: [
                "IP",
            ],
            variable_prefil_values: Some(
                {
                    1: "80",
                    0: "127.0.0.1",
                },
            ),
        },
    ],
    output_command: "nmap -sU <IP>",
    current_screen: EditingCommand,
    search_table_state: TableState {
        offset: 0,
        selected: Some(
            1,
        ),
        selected_column: None,
    },
    editcommand_table_state: TableState {
        offset: 0,
        selected: None,
        selected_column: None,
    },
}
17:23:01.818 [DEBUG] manchester::ui: CommandContext {
    command_name: "nmap - UDP Full port scan",
    tags: [
        "tag1",
        "tag2",
        "tag3",
    ],
    command: "nmap -sU <IP>",
    variables_to_fill: [
        "IP",
    ],
    variable_prefil_values: Some(
        {
            0: "127.0.0.1",
        },
    ),
}
